2024-12-07 15:47:19,543 [1] INFO  Program - Starting up the application...
2024-12-07 15:47:23,244 [1] INFO  Program - Kestrel is configured to listen on port 8081
2024-12-07 15:47:23,252 [1] INFO  Program - Application startup complete. Running now...
2024-12-07 15:47:23,379 [1] INFO  Program - Starting the web host...
2024-12-07 15:47:23,411 [1] INFO  Program - CORS is configured to allow all origins, methods, and headers
2024-12-07 15:47:23,483 [1] WARN  Micr2024-12-07 15:47:25,242 [1] ERROR Program - Error connecting to RabbitMQ. Attempt 2/10. Exception: None of the specified endpoints were reachable
2024-12-07 15:47:30,247 [1] ERROR Program - Error connecting to RabbitMQ. Attempt 3/10. Exception: None of the specified endpoints were reachable
2024-12-07 15:47:35,250 [1] ERROR Program - Error connecting to RabbitMQ. Attempt 4/10. Exception: None of the specified endpoints were reachable
2024-12-07 15:47:40,257 [1] ERROR Program - Error connecting to RabbitMQ. Attempt 5/10. Exception: None 2024-12-07 15:48:21,784 [11] INFO  Microsoft.Hosting.Lifetime - Application is shutting down...
2024-12-07 15:48:21,807 [1] INFO  Program - Application is shutting down.
,427 [1] INFO  DocumentWorkerService.RabbitMQConsumer - RabbitMQ Listener initialized and waiting for messages...
2024-12-07 15:47:45,473 [1] INFO  DocumentWorkerService.DocumentWorker - Worker running at: 12/07/2024 15:47:45 +00:00
2024-12-07 15:47:45,500 [1] INFO  Microsoft.Hosting.Lifetime - Application started. Press Ctrl+C to shut down.
2024-12-07 15:47:45,501 [1] INFO  Microsoft.Hosting.Lifetime - Hosting environment: Production
2024-12-07 15:47:45,502 [1] INFO  Microsoft.Hosting.Lifetime - Content root path: /app
2024-12-07 15:48:20,976 [14] INFO  Microsoft.Hosting.Lifetime - Application is shutting down...
2024-12-07 15:51:55,936 [1] INFO  Program - Trying to create the queue...
2024-12-07 15:51:55,945 [1] INFO  Program - Starting up Document Worker Service...
2024-12-07 15:51:56,070 [1] INFO  Program - Attempting to create RabbitMQ connection...
2024-12-07 15:51:56,129 [1] ERROR Program - Error connecting to RabbitMQ. A2024-12-07 15:51:56,774 [1] INFO  Program - Kestrel is configured to li2024-12-07 15:52:01,167 [1] ERROR Program - Error connecting to RabbitMQ. Attempt 2/10. Exception: None of the specified endpoints were reachable
2024-12-07 15:52:06,174 [1] ERROR Program - Error connecting to RabbitMQ. Attempt 3/10. Exception: None of the specified endpoints were reachable
2024-12-07 15:52:11,259 [1] INFO  Program - RabbitMQ connection successfully established with host: rabbitmq
2024-12-07 15:52:11,281 [1] INFO  DocumentWorkerService.RabbitMQConsumer - RabbitMQ Listener initialized and waiting for messages...
2024-12-07 15:52:11,312 [1] INFO  DocumentWorkerService.DocumentWorker - Worker running at: 12/07/2024 15:52:11 +00:00
2024-12-07 15:52:11,329 [1] INFO  Microsoft.Hosting.Lifetime - Application started. Press Ctrl+C to shut down.
2024-12-07 15:52:11,330 [1] INFO  Microsoft.Hosting.Lifetime - Hosting environment: Production
2022024-12-07 15:55:51,268 [11] INFO  Microsoft.Hosting.Lifetime - Application is shutting down...
2024-12-07 15:55:51,285 [1] INFO  Program - Application is shutting down.
g down...
2024-12-07 16:15:19,127 [1] INFO  Program - Starting up the application...
2024-12-07 16:15:19,758 [1] INFO  Program - Kestrel is configured to listen on port 8081
2024-12-07 16:15:19,762 [1] INFO  Program - Application startup complete. Running now...
2024-12-07 16:15:19,821 [1] INFO  Program - Starting the web host...
2024-12-07 16:15:19,834 [1] INFO  Program - CORS is configured to allow all origins, methods, and headers
2024-12-07 16:15:19,868 [1] WARN  Micr2024-12-07 16:15:33,794 [1] ERROR Program - Error connecting to RabbitMQ. Attempt 2/10. Exception: None of the specified endpoints were reachable
ead.
2024-12-07 16:15:19,887 [1] INFO  Microsoft.Hosting.Lifetime - Now listening on: http://[::]:8081
2024-12-07 16:15:19,887 [1] INFO  Microsoft.Hosting.Lifetime - Application started. Press Ctrl+C to shut down.
2024-12-07 16:15:19,888 [1] INFO  Microsoft.Hosting.Lifetime - Hosting environment: Production
2024-12-07 16:15:19,888 [1] INFO  Microsoft.Hosting.Lifetime - Content root path: /app
2024-12-07 16:20:37,764 [1] INFO  Program - Trying to create the queue...
2024-12-07 16:20:37,782 [1] INFO  Program - Starting up Document Worker Service...
2024-12-07 16:20:37,989 [1] INFO  Program - Attempting to create RabbitMQ c2024-12-07 16:20:39,050 [1] INFO  Program - Kestrel is configured to listen on port 8081
2024-12-07 16:20:39,058 [1] INFO  Program - Application startup comple2024-12-07 16:20:47,469 [1] ERROR Program - Error connecting to RabbitMQ. Attempt 2/10. Exception: None of the specified endpoints were reachable
2024-12-07 16:20:52,790 [1] ERROR Program - Error connecting to RabbitMQ. Attempt 3/10. Exception: None of the specified endpoints were reachable
2024-12-07 16:20:57,798 [1] ERROR Program - Error connecting to RabbitMQ. Attempt 4/10. Exception: None of the specified endpoints were reachable
2024-12-07 16:21:02,896 [1] INFO  Program - RabbitMQ connection successfully established with host: rabbitmq
2024-12-07 16:21:02,929 [1] INFO  DocumentWorkerService.RabbitMQConsumer - RabbitMQ Listener initialized and waiting for messages...
2024-12-07 16:21:02,980 [1] INFO  DocumentWorkerService.DocumentWorker - Worker running at: 122024-12-07 16:22:59,735 [10] INFO  Microsoft.Hosting.Lifetime - Application is shutting down...
2024-12-07 16:22:59,768 [1] INFO  Program - Application is shutting down.
Microsoft.Hosting.Lifetime - Hosting environment: Production
2024-12-07 16:21:03,010 [1] INFO  Microsoft.Hosting.Lifetime - Content root path: /app
2024-12-07 16:23:01,960 [1] INFO  Program - Starting up the application...
2024-12-07 16:23:02,839 [1] INFO  Program - Kestrel is configured to listen on port 8081
2024-12-07 16:23:02,844 [1] INFO  Program - Application startup complete. Running now...
2024-12-07 16:23:02,902 [1] INFO  Program - Starting the web host...
2024-12-07 16:23:02,918 [1] INFO  Program - CORS is configured to allow all origins, methods, and headers
2024-12-07 16:23:02,948 [1] WARN  Microsoft.AspNetCore.Server.Kestrel - Overriding address(es) 'http://*:8080'. Binding to endpoints defined via IConfiguration and/or UseKestrel() instead.
2024-12-07 16:23:02,978 [1] INFO  Microsoft.Hosting.Lifetime - Now listening on: http://[::]:8081
2024-12-07 16:23:02,979 [1] INFO  Microsoft.Hosting.Lifetime - Application started. Press Ctrl+C to shut down.
2024-12-07 16:23:02,979 [1] INFO  Microsoft.Hosting.Lifetime - Hosting environment: Production
2024-12-07 16:23:02,980 [1] INFO  Microsoft.Hosting.Lifetime - Content root path: /app
2024-12-07 16:24:35,631 [11] INFO  Program - Configuring PostgreSQL with connection string: DefaultConnection
2024-12-07 16:24:35,876 [11] INFO  Program - RabbitMQ connection successfully established with host rabbitmq
2024-12-07 16:24:35,963 [11] INFO  DAL.Services.DocumentService - DocumentService initialized successfully.
2024-12-07 16:24:35,964 [11] INFO  REST.Controllers.DocumentController - DocumentController initialized successfully.
2024-12-07 16:24:35,965 [11] INFO  REST.Controllers.DocumentController - Received GET request for all documents.
2024-12-07 16:24:35,966 [11] INFO  DAL.Repositories.DocumentRepository - Fetching all documents from the database.
2024-12-07 16:24:36,643 [16] INFO  Microsoft.EntityFrameworkCore.Database.Command - Executed DbCommand (17ms) [Parameters=[], CommandType='Text', CommandTimeout='30']
SELECT d.id, d.file_type, d.name, d.path
FROM "Documents" AS d
2024-12-07 16:24:36,719 [16] INFO  DAL.Repositories.DocumentRepository - 4 documents fetched successfully.
2024-12-07 16:24:58,061 [16] INFO  Program - Configuring PostgreSQL with connection string: DefaultConnection
2024-12-07 16:24:58,066 [16] INFO  DAL.Services.DocumentService - DocumentService initialized successfully.
2024-12-07 16:24:58,066 [16] INFO  REST.Controllers.DocumentController - DocumentController initialized successfully.
2024-12-07 16:24:58,077 [16] INFO  REST.Controllers.DocumentController - Received DELETE request for document id: 8
2024-12-07 16:24:58,079 [16] INFO  DAL.Repositories.DocumentRepository - Fetching document with ID: 8.
2024-12-07 16:24:58,180 [15] INFO  Microsoft.EntityFrameworkCore.Database.Command - Executed DbCommand (10ms) [Parameters=[@__p_0='?' (DbType = Int32)], CommandType='Text', CommandTimeout='30']
SELECT d.id, d.file_type, d.name, d.path
FROM "Documents" AS d
WHERE d.id = @__p_0
LIMIT 1
2024-12-07 16:24:58,182 [15] INFO  DAL.Repositories.DocumentRepository - Document with ID: 8 fetched successfully.
2024-12-07 16:24:58,190 [15] INFO  DAL.Services.DocumentService - File Grundriss erdgeschoß.pdf successfully removed from MinIO bucket uploads.
2024-12-07 16:24:58,191 [15] INFO  DAL.Repositories.DocumentRepository - Attempting to delete document with ID: 8.
2024-12-07 16:24:58,253 [17] INFO  Microsoft.EntityFrameworkCore.Database.Command - Executed DbCommand (3ms) [Parameters=[@p0='?' (DbType = Int32)], CommandType='Text', CommandTimeout='30']
DELETE FROM "Documents"
WHERE id = @p0;
2024-12-07 16:24:58,261 [17] INFO  DAL.Repositories.DocumentRepository - Document with ID: 8 deleted successfully.
